# JRE version: OpenJDK Runtime Environment (21.0.10) (build 21.0.10+-14961533-b1163.108)
# Java VM: OpenJDK 64-Bit Server VM (21.0.10+-14961533-b1163.108, mixed mode, tiered, compressed oops, compressed class ptrs, g1 gc, windows-amd64)
GC Precious Log:
 CardTable entry size: 512
 Card Set container configuration: InlinePtr #cards 5 size 8 Array Of Cards #cards 12 size 40 Howl #buckets 4 coarsen threshold 1843 Howl Bitmap #cards 512 size 80 coarsen threshold 460 Card regions per heap region 1 cards per card region 2048
 CPUs: 12 total, 12 available
 Memory: 7929M
 Large Page Support: Disabled
 NUMA Support: Disabled
 Compressed Oops: Enabled (32-bit)
 Heap Region Size: 1M
 Heap Min Capacity: 8M
 Heap Initial Capacity: 124M
 Heap Max Capacity: 1G
 Pre-touch: Disabled
 Parallel Workers: 10
 Concurrent Workers: 3
 Concurrent Refinement Workers: 10
 Periodic GC: Disabled
Heap:
 garbage-first heap   total 195584K, used 130330K [0x00000000c0000000, 0x0000000100000000)
  region size 1024K, 43 young (44032K), 2 survivors (2048K)
 Metaspace       used 88833K, committed 90880K, reserved 1179648K
  class space    used 12453K, committed 13440K, reserved 1048576K
GC Heap History (20 events):
Event: 7.354 GC heap before
{Heap before GC invocations=25 (full 0):
 garbage-first heap   total 97280K, used 88647K [0x00000000c0000000, 0x0000000100000000)
  region size 1024K, 36 young (36864K), 3 survivors (3072K)
 Metaspace       used 71586K, committed 73408K, reserved 1114112K
  class space    used 10195K, committed 11072K, reserved 1048576K
}
Event: 7.357 GC heap after
{Heap after GC invocations=26 (full 0):
 garbage-first heap   total 97280K, used 54519K [0x00000000c0000000, 0x0000000100000000)
  region size 1024K, 3 young (3072K), 3 survivors (3072K)
 Metaspace       used 71586K, committed 73408K, reserved 1114112K
  class space    used 10195K, committed 11072K, reserved 1048576K
}
Event: 7.396 GC heap before
{Heap before GC invocations=26 (full 0):
 garbage-first heap   total 97280K, used 89335K [0x00000000c0000000, 0x0000000100000000)
  region size 1024K, 37 young (37888K), 3 survivors (3072K)
 Metaspace       used 71605K, committed 73472K, reserved 1114112K
  class space    used 10195K, committed 11072K, reserved 1048576K
}
Event: 7.398 GC heap after
{Heap after GC invocations=27 (full 0):
 garbage-first heap   total 97280K, used 55319K [0x00000000c0000000, 0x0000000100000000)
  region size 1024K, 3 young (3072K), 3 survivors (3072K)
 Metaspace       used 71605K, committed 73472K, reserved 1114112K
  class space    used 10195K, committed 11072K, reserved 1048576K
}
Event: 7.455 GC heap before
{Heap before GC invocations=28 (full 0):
 garbage-first heap   total 97280K, used 88087K [0x00000000c0000000, 0x0000000100000000)
  region size 1024K, 36 young (36864K), 3 survivors (3072K)
 Metaspace       used 71717K, committed 73600K, reserved 1114112K
  class space    used 10196K, committed 11072K, reserved 1048576K
}
Event: 7.457 GC heap after
{Heap after GC invocations=29 (full 0):
 garbage-first heap   total 97280K, used 55975K [0x00000000c0000000, 0x0000000100000000)
  region size 1024K, 4 young (4096K), 4 survivors (4096K)
 Metaspace       used 71717K, committed 73600K, reserved 1114112K
  class space    used 10196K, committed 11072K, reserved 1048576K
}
Event: 7.489 GC heap before
{Heap before GC invocations=29 (full 0):
 garbage-first heap   total 97280K, used 88743K [0x00000000c0000000, 0x0000000100000000)
  region size 1024K, 37 young (37888K), 4 survivors (4096K)
 Metaspace       used 71737K, committed 73600K, reserved 1114112K
  class space    used 10196K, committed 11072K, reserved 1048576K
}
Event: 7.492 GC heap after
{Heap after GC invocations=30 (full 0):
 garbage-first heap   total 168960K, used 55719K [0x00000000c0000000, 0x0000000100000000)
  region size 1024K, 3 young (3072K), 3 survivors (3072K)
 Metaspace       used 71737K, committed 73600K, reserved 1114112K
  class space    used 10196K, committed 11072K, reserved 1048576K
}
Event: 7.584 GC heap before
{Heap before GC invocations=30 (full 0):
 garbage-first heap   total 168960K, used 145831K [0x00000000c0000000, 0x0000000100000000)
  region size 1024K, 92 young (94208K), 3 survivors (3072K)
 Metaspace       used 71801K, committed 73664K, reserved 1114112K
  class space    used 10196K, committed 11072K, reserved 1048576K
}
Event: 7.587 GC heap after
{Heap after GC invocations=31 (full 0):
 garbage-first heap   total 168960K, used 56970K [0x00000000c0000000, 0x0000000100000000)
  region size 1024K, 5 young (5120K), 5 survivors (5120K)
 Metaspace       used 71801K, committed 73664K, reserved 1114112K
  class space    used 10196K, committed 11072K, reserved 1048576K
}
Event: 7.657 GC heap before
{Heap before GC invocations=31 (full 0):
 garbage-first heap   total 168960K, used 151178K [0x00000000c0000000, 0x0000000100000000)
  region size 1024K, 97 young (99328K), 5 survivors (5120K)
 Metaspace       used 71813K, committed 73664K, reserved 1114112K
  class space    used 10196K, committed 11072K, reserved 1048576K
}
Event: 7.659 GC heap after
{Heap after GC invocations=32 (full 0):
 garbage-first heap   total 168960K, used 57915K [0x00000000c0000000, 0x0000000100000000)
  region size 1024K, 6 young (6144K), 6 survivors (6144K)
 Metaspace       used 71813K, committed 73664K, reserved 1114112K
  class space    used 10196K, committed 11072K, reserved 1048576K
}
Event: 7.801 GC heap before
{Heap before GC invocations=32 (full 0):
 garbage-first heap   total 168960K, used 153147K [0x00000000c0000000, 0x0000000100000000)
  region size 1024K, 99 young (101376K), 6 survivors (6144K)
 Metaspace       used 72105K, committed 73984K, reserved 1114112K
  class space    used 10239K, committed 11136K, reserved 1048576K
}
Event: 7.805 GC heap after
{Heap after GC invocations=33 (full 0):
 garbage-first heap   total 168960K, used 60455K [0x00000000c0000000, 0x0000000100000000)
  region size 1024K, 8 young (8192K), 8 survivors (8192K)
 Metaspace       used 72105K, committed 73984K, reserved 1114112K
  class space    used 10239K, committed 11136K, reserved 1048576K
}
Event: 8.696 GC heap before
{Heap before GC invocations=34 (full 0):
 garbage-first heap   total 168960K, used 161831K [0x00000000c0000000, 0x0000000100000000)
  region size 1024K, 99 young (101376K), 8 survivors (8192K)
 Metaspace       used 78515K, committed 80512K, reserved 1179648K
  class space    used 11023K, committed 11968K, reserved 1048576K
}
Event: 8.704 GC heap after
{Heap after GC invocations=35 (full 0):
 garbage-first heap   total 180224K, used 76810K [0x00000000c0000000, 0x0000000100000000)
  region size 1024K, 13 young (13312K), 13 survivors (13312K)
 Metaspace       used 78515K, committed 80512K, reserved 1179648K
  class space    used 11023K, committed 11968K, reserved 1048576K
}
Event: 9.695 GC heap before
{Heap before GC invocations=35 (full 0):
 garbage-first heap   total 180224K, used 167946K [0x00000000c0000000, 0x0000000100000000)
  region size 1024K, 97 young (99328K), 13 survivors (13312K)
 Metaspace       used 86094K, committed 88192K, reserved 1179648K
  class space    used 12076K, committed 13056K, reserved 1048576K
}
Event: 9.705 GC heap after
{Heap after GC invocations=36 (full 0):
 garbage-first heap   total 195584K, used 92208K [0x00000000c0000000, 0x0000000100000000)
  region size 1024K, 10 young (10240K), 10 survivors (10240K)
 Metaspace       used 86094K, committed 88192K, reserved 1179648K
  class space    used 12076K, committed 13056K, reserved 1048576K
}
Event: 9.720 GC heap before
{Heap before GC invocations=36 (full 0):
 garbage-first heap   total 195584K, used 93232K [0x00000000c0000000, 0x0000000100000000)
  region size 1024K, 12 young (12288K), 10 survivors (10240K)
 Metaspace       used 86098K, committed 88192K, reserved 1179648K
  class space    used 12076K, committed 13056K, reserved 1048576K
}
Event: 9.724 GC heap after
{Heap after GC invocations=37 (full 0):
 garbage-first heap   total 195584K, used 88346K [0x00000000c0000000, 0x0000000100000000)
  region size 1024K, 2 young (2048K), 2 survivors (2048K)
 Metaspace       used 86098K, committed 88192K, reserved 1179648K
  class space    used 12076K, committed 13056K, reserved 1048576K
}

