# JRE version: OpenJDK Runtime Environment (21.0.10) (build 21.0.10+-14961533-b1163.108)
# Java VM: OpenJDK 64-Bit Server VM (21.0.10+-14961533-b1163.108, mixed mode, tiered, compressed oops, compressed class ptrs, g1 gc, windows-amd64)
GC Precious Log:
 CardTable entry size: 512
 Card Set container configuration: InlinePtr #cards 5 size 8 Array Of Cards #cards 12 size 40 Howl #buckets 4 coarsen threshold 1843 Howl Bitmap #cards 512 size 80 coarsen threshold 460 Card regions per heap region 1 cards per card region 2048
 CPUs: 12 total, 12 available
 Memory: 7929M
 Large Page Support: Disabled
 NUMA Support: Disabled
 Compressed Oops: Enabled (32-bit)
 Heap Region Size: 1M
 Heap Min Capacity: 8M
 Heap Initial Capacity: 124M
 Heap Max Capacity: 1G
 Pre-touch: Disabled
 Parallel Workers: 10
 Concurrent Workers: 3
 Concurrent Refinement Workers: 10
 Periodic GC: Disabled
Heap:
 garbage-first heap   total 203776K, used 147103K [0x00000000c0000000, 0x0000000100000000)
  region size 1024K, 33 young (33792K), 5 survivors (5120K)
 Metaspace       used 113843K, committed 116160K, reserved 1179648K
  class space    used 16222K, committed 17344K, reserved 1048576K
GC Heap History (20 events):
Event: 15.240 GC heap before
{Heap before GC invocations=47 (full 0):
 garbage-first heap   total 150528K, used 139299K [0x00000000c0000000, 0x0000000100000000)
  region size 1024K, 47 young (48128K), 2 survivors (2048K)
 Metaspace       used 97619K, committed 99776K, reserved 1179648K
  class space    used 13750K, committed 14784K, reserved 1048576K
}
Event: 15.243 GC heap after
{Heap after GC invocations=48 (full 0):
 garbage-first heap   total 150528K, used 94260K [0x00000000c0000000, 0x0000000100000000)
  region size 1024K, 3 young (3072K), 3 survivors (3072K)
 Metaspace       used 97619K, committed 99776K, reserved 1179648K
  class space    used 13750K, committed 14784K, reserved 1048576K
}
Event: 15.670 GC heap before
{Heap before GC invocations=49 (full 0):
 garbage-first heap   total 158720K, used 140340K [0x00000000c0000000, 0x0000000100000000)
  region size 1024K, 48 young (49152K), 3 survivors (3072K)
 Metaspace       used 100726K, committed 102976K, reserved 1179648K
  class space    used 14298K, committed 15360K, reserved 1048576K
}
Event: 15.673 GC heap after
{Heap after GC invocations=50 (full 0):
 garbage-first heap   total 158720K, used 96304K [0x00000000c0000000, 0x0000000100000000)
  region size 1024K, 5 young (5120K), 5 survivors (5120K)
 Metaspace       used 100726K, committed 102976K, reserved 1179648K
  class space    used 14298K, committed 15360K, reserved 1048576K
}
Event: 16.106 GC heap before
{Heap before GC invocations=50 (full 0):
 garbage-first heap   total 158720K, used 148528K [0x00000000c0000000, 0x0000000100000000)
  region size 1024K, 56 young (57344K), 5 survivors (5120K)
 Metaspace       used 104488K, committed 106752K, reserved 1179648K
  class space    used 14867K, committed 15936K, reserved 1048576K
}
Event: 16.112 GC heap after
{Heap after GC invocations=51 (full 0):
 garbage-first heap   total 159744K, used 98373K [0x00000000c0000000, 0x0000000100000000)
  region size 1024K, 7 young (7168K), 7 survivors (7168K)
 Metaspace       used 104488K, committed 106752K, reserved 1179648K
  class space    used 14867K, committed 15936K, reserved 1048576K
}
Event: 16.571 GC heap before
{Heap before GC invocations=51 (full 0):
 garbage-first heap   total 159744K, used 149573K [0x00000000c0000000, 0x0000000100000000)
  region size 1024K, 57 young (58368K), 7 survivors (7168K)
 Metaspace       used 108938K, committed 111296K, reserved 1179648K
  class space    used 15505K, committed 16640K, reserved 1048576K
}
Event: 16.577 GC heap after
{Heap after GC invocations=52 (full 0):
 garbage-first heap   total 159744K, used 100344K [0x00000000c0000000, 0x0000000100000000)
  region size 1024K, 6 young (6144K), 6 survivors (6144K)
 Metaspace       used 108938K, committed 111296K, reserved 1179648K
  class space    used 15505K, committed 16640K, reserved 1048576K
}
Event: 17.015 GC heap before
{Heap before GC invocations=53 (full 0):
 garbage-first heap   total 168960K, used 149496K [0x00000000c0000000, 0x0000000100000000)
  region size 1024K, 54 young (55296K), 6 survivors (6144K)
 Metaspace       used 111006K, committed 113344K, reserved 1179648K
  class space    used 15793K, committed 16896K, reserved 1048576K
}
Event: 17.020 GC heap after
{Heap after GC invocations=54 (full 0):
 garbage-first heap   total 168960K, used 104606K [0x00000000c0000000, 0x0000000100000000)
  region size 1024K, 7 young (7168K), 7 survivors (7168K)
 Metaspace       used 111006K, committed 113344K, reserved 1179648K
  class space    used 15793K, committed 16896K, reserved 1048576K
}
Event: 17.408 GC heap before
{Heap before GC invocations=54 (full 0):
 garbage-first heap   total 168960K, used 157854K [0x00000000c0000000, 0x0000000100000000)
  region size 1024K, 59 young (60416K), 7 survivors (7168K)
 Metaspace       used 111984K, committed 114240K, reserved 1179648K
  class space    used 15941K, committed 17024K, reserved 1048576K
}
Event: 17.417 GC heap after
{Heap after GC invocations=55 (full 0):
 garbage-first heap   total 176128K, used 112233K [0x00000000c0000000, 0x0000000100000000)
  region size 1024K, 8 young (8192K), 8 survivors (8192K)
 Metaspace       used 111984K, committed 114240K, reserved 1179648K
  class space    used 15941K, committed 17024K, reserved 1048576K
}
Event: 18.153 GC heap before
{Heap before GC invocations=55 (full 0):
 garbage-first heap   total 176128K, used 160361K [0x00000000c0000000, 0x0000000100000000)
  region size 1024K, 56 young (57344K), 8 survivors (8192K)
 Metaspace       used 113819K, committed 116160K, reserved 1179648K
  class space    used 16222K, committed 17344K, reserved 1048576K
}
Event: 18.160 GC heap after
{Heap after GC invocations=56 (full 0):
 garbage-first heap   total 176128K, used 117447K [0x00000000c0000000, 0x0000000100000000)
  region size 1024K, 5 young (5120K), 5 survivors (5120K)
 Metaspace       used 113819K, committed 116160K, reserved 1179648K
  class space    used 16222K, committed 17344K, reserved 1048576K
}
Event: 18.322 GC heap before
{Heap before GC invocations=57 (full 0):
 garbage-first heap   total 198656K, used 161479K [0x00000000c0000000, 0x0000000100000000)
  region size 1024K, 49 young (50176K), 5 survivors (5120K)
 Metaspace       used 113823K, committed 116160K, reserved 1179648K
  class space    used 16222K, committed 17344K, reserved 1048576K
}
Event: 18.326 GC heap after
{Heap after GC invocations=58 (full 0):
 garbage-first heap   total 198656K, used 120091K [0x00000000c0000000, 0x0000000100000000)
  region size 1024K, 4 young (4096K), 4 survivors (4096K)
 Metaspace       used 113823K, committed 116160K, reserved 1179648K
  class space    used 16222K, committed 17344K, reserved 1048576K
}
Event: 18.523 GC heap before
{Heap before GC invocations=58 (full 0):
 garbage-first heap   total 198656K, used 181531K [0x00000000c0000000, 0x0000000100000000)
  region size 1024K, 65 young (66560K), 4 survivors (4096K)
 Metaspace       used 113828K, committed 116160K, reserved 1179648K
  class space    used 16222K, committed 17344K, reserved 1048576K
}
Event: 18.528 GC heap after
{Heap after GC invocations=59 (full 0):
 garbage-first heap   total 198656K, used 119871K [0x00000000c0000000, 0x0000000100000000)
  region size 1024K, 4 young (4096K), 4 survivors (4096K)
 Metaspace       used 113828K, committed 116160K, reserved 1179648K
  class space    used 16222K, committed 17344K, reserved 1048576K
}
Event: 18.754 GC heap before
{Heap before GC invocations=59 (full 0):
 garbage-first heap   total 198656K, used 183359K [0x00000000c0000000, 0x0000000100000000)
  region size 1024K, 67 young (68608K), 4 survivors (4096K)
 Metaspace       used 113842K, committed 116160K, reserved 1179648K
  class space    used 16222K, committed 17344K, reserved 1048576K
}
Event: 18.757 GC heap after
{Heap after GC invocations=60 (full 0):
 garbage-first heap   total 198656K, used 120479K [0x00000000c0000000, 0x0000000100000000)
  region size 1024K, 5 young (5120K), 5 survivors (5120K)
 Metaspace       used 113842K, committed 116160K, reserved 1179648K
  class space    used 16222K, committed 17344K, reserved 1048576K
}

